<?xml version="1.0" encoding="UTF-8" standalone="no"?>
<testsuite errors="0" failures="2" name="io.cucumber.core.plugin.JUnitFormatter" skipped="0" tests="2" time="20.639">
    <testcase classname="Test login functionality (Gmail)" name="Check login is successful with valid username and password" time="11.06">
        <failure message="expected:&lt;200&gt; but was:&lt;302&gt;" type="java.lang.AssertionError">
            <![CDATA[Given browser is open.......................................................passed
And user is on login page...................................................passed
When user enters testedesafio.igor and 1234@4321............................passed
And user clicks on login....................................................passed
Then user is navigated to the home page.....................................failed

StackTrace:
java.lang.AssertionError: expected:<200> but was:<302>
	at org.junit.Assert.fail(Assert.java:89)
	at org.junit.Assert.failNotEquals(Assert.java:835)
	at org.junit.Assert.assertEquals(Assert.java:647)
	at org.junit.Assert.assertEquals(Assert.java:633)
	at StepDefinitions.GmailLoginSteps.user_is_navigated_to_the_home_page(GmailLoginSteps.java:85)
	at ✽.user is navigated to the home page(file:///C:/Users/igorc/eclipse-workspace/CucumberJava/src/test/resources/Features/GmailLogin.feature:9)
]]>
        </failure>
    </testcase>
    <testcase classname="Test login functionality (Gmail)" name="Check login is successful with valid username and password 2" time="9.349">
        <failure message="expected:&lt;200&gt; but was:&lt;302&gt;" type="java.lang.AssertionError">
            <![CDATA[Given browser is open.......................................................passed
And user is on login page...................................................passed
When user enters testedesafio.igor and 12365446.............................passed
And user clicks on login....................................................passed
Then user is navigated to the home page.....................................failed

StackTrace:
java.lang.AssertionError: expected:<200> but was:<302>
	at org.junit.Assert.fail(Assert.java:89)
	at org.junit.Assert.failNotEquals(Assert.java:835)
	at org.junit.Assert.assertEquals(Assert.java:647)
	at org.junit.Assert.assertEquals(Assert.java:633)
	at StepDefinitions.GmailLoginSteps.user_is_navigated_to_the_home_page(GmailLoginSteps.java:85)
	at ✽.user is navigated to the home page(file:///C:/Users/igorc/eclipse-workspace/CucumberJava/src/test/resources/Features/GmailLogin.feature:9)
]]>
        </failure>
    </testcase>
</testsuite>
