<?xml version="1.0" encoding="UTF-8"?>
<testsuite xmlns:xsi="http://www.w3.org/2001/XMLSchema-instance" xsi:schemaLocation="https://maven.apache.org/surefire/maven-surefire-plugin/xsd/surefire-test-report.xsd" name="StepDefinitions.TestRunner" time="24.458" tests="2" errors="0" skipped="0" failures="2">
  <properties>
[...]
</properties>
  <testcase name="Check login is successful with valid username and password #1(Test login functionality " classname="Check login is successful with valid username and password #1(Test login functionality (Gmail))" time="11.285">
    <failure message="expected:&lt;200&gt; but was:&lt;302&gt;" type="java.lang.AssertionError"><![CDATA[java.lang.AssertionError: expected:<200> but was:<302>
]]></failure>
    <system-out><![CDATA[
Scenario Outline: Check login is successful with valid username and password # src/test/resources/Features/GmailLogin.feature:13
Inside Step - browser is open
Project path is : C:\Users\igorc\eclipse-workspace\CucumberJava
  Given browser is open                                                      # StepDefinitions.GmailLoginSteps.browser_is_open()
  And user is on login page                                                  # StepDefinitions.GmailLoginSteps.user_is_on_login_page()
  When user enters testedesafio.igor and 1234@4321                           # StepDefinitions.GmailLoginSteps.user_enters_username_and_password(java.lang.String,java.lang.String)
  And user clicks on login                                                   # StepDefinitions.GmailLoginSteps.user_clicks_on_login()
  Then user is navigated to the home page                                    # StepDefinitions.GmailLoginSteps.user_is_navigated_to_the_home_page()
      java.lang.AssertionError: expected:<200> but was:<302>
	at org.junit.Assert.fail(Assert.java:89)
	at org.junit.Assert.failNotEquals(Assert.java:835)
	at org.junit.Assert.assertEquals(Assert.java:647)
	at org.junit.Assert.assertEquals(Assert.java:633)
	at StepDefinitions.GmailLoginSteps.user_is_navigated_to_the_home_page(GmailLoginSteps.java:85)
	at âœ½.user is navigated to the home page(file:///C:/Users/igorc/eclipse-workspace/CucumberJava/src/test/resources/Features/GmailLogin.feature:9)

]]></system-out>
    <system-err><![CDATA[SLF4J: Failed to load class "org.slf4j.impl.StaticLoggerBinder".
SLF4J: Defaulting to no-operation (NOP) logger implementation
SLF4J: See http://www.slf4j.org/codes.html#StaticLoggerBinder for further details.
Starting ChromeDriver 90.0.4430.24 (4c6d850f087da467d926e8eddb76550aed655991-refs/branch-heads/4430@{#429}) on port 25949
Only local connections are allowed.
Please see https://chromedriver.chromium.org/security-considerations for suggestions on keeping ChromeDriver safe.
ChromeDriver was started successfully.
mai 28, 2021 12:04:56 AM org.openqa.selenium.remote.ProtocolHandshake createSession
INFO: Detected dialect: W3C
mai 28, 2021 12:04:57 AM org.openqa.selenium.devtools.CdpVersionFinder findNearestMatch
INFO: Found exact CDP implementation for version 90
]]></system-err>
  </testcase>
  <testcase name="Check login is successful with valid username and password #2(Test login functionality " classname="Check login is successful with valid username and password #2(Test login functionality (Gmail))" time="9.504">
    <failure message="expected:&lt;200&gt; but was:&lt;302&gt;" type="java.lang.AssertionError"><![CDATA[java.lang.AssertionError: expected:<200> but was:<302>
]]></failure>
    <system-out><![CDATA[
Scenario Outline: Check login is successful with valid username and password # src/test/resources/Features/GmailLogin.feature:14
Inside Step - browser is open
Project path is : C:\Users\igorc\eclipse-workspace\CucumberJava
  Given browser is open                                                      # StepDefinitions.GmailLoginSteps.browser_is_open()
  And user is on login page                                                  # StepDefinitions.GmailLoginSteps.user_is_on_login_page()
  When user enters testedesafio.igor and 12365446                            # StepDefinitions.GmailLoginSteps.user_enters_username_and_password(java.lang.String,java.lang.String)
  And user clicks on login                                                   # StepDefinitions.GmailLoginSteps.user_clicks_on_login()
  Then user is navigated to the home page                                    # StepDefinitions.GmailLoginSteps.user_is_navigated_to_the_home_page()
      java.lang.AssertionError: expected:<200> but was:<302>
	at org.junit.Assert.fail(Assert.java:89)
	at org.junit.Assert.failNotEquals(Assert.java:835)
	at org.junit.Assert.assertEquals(Assert.java:647)
	at org.junit.Assert.assertEquals(Assert.java:633)
	at StepDefinitions.GmailLoginSteps.user_is_navigated_to_the_home_page(GmailLoginSteps.java:85)
	at âœ½.user is navigated to the home page(file:///C:/Users/igorc/eclipse-workspace/CucumberJava/src/test/resources/Features/GmailLogin.feature:9)

]]></system-out>
    <system-err><![CDATA[Starting ChromeDriver 90.0.4430.24 (4c6d850f087da467d926e8eddb76550aed655991-refs/branch-heads/4430@{#429}) on port 31171
Only local connections are allowed.
Please see https://chromedriver.chromium.org/security-considerations for suggestions on keeping ChromeDriver safe.
ChromeDriver was started successfully.
mai 28, 2021 12:05:05 AM org.openqa.selenium.remote.ProtocolHandshake createSession
INFO: Detected dialect: W3C
mai 28, 2021 12:05:06 AM org.openqa.selenium.devtools.CdpVersionFinder findNearestMatch
INFO: Found exact CDP implementation for version 90
]]></system-err>
  </testcase>
</testsuite>